<?xml version="1.0" encoding="UTF-8"?>
<testsuite xmlns:xsi="http://www.w3.org/2001/XMLSchema-instance" xsi:noNamespaceSchemaLocation="https://maven.apache.org/surefire/maven-surefire-plugin/xsd/surefire-test-report.xsd" name="io.swagger.api.CommentsApiControllerTest" time="1.088" tests="4" errors="0" skipped="0" failures="0">
  <properties>
    <property name="java.specification.version" value="23"/>
    <property name="sun.jnu.encoding" value="UTF-8"/>
    <property name="java.class.path" value="/Users/creepins/Projects/6sem/ssw/sswlabs/dz6/target/test-classes:/Users/creepins/Projects/6sem/ssw/sswlabs/dz6/target/classes:/Users/creepins/.m2/repository/org/springframework/boot/spring-boot-starter-web/2.1.16.RELEASE/spring-boot-starter-web-2.1.16.RELEASE.jar:/Users/creepins/.m2/repository/org/springframework/boot/spring-boot-starter/2.1.16.RELEASE/spring-boot-starter-2.1.16.RELEASE.jar:/Users/creepins/.m2/repository/org/springframework/boot/spring-boot/2.1.16.RELEASE/spring-boot-2.1.16.RELEASE.jar:/Users/creepins/.m2/repository/org/springframework/boot/spring-boot-autoconfigure/2.1.16.RELEASE/spring-boot-autoconfigure-2.1.16.RELEASE.jar:/Users/creepins/.m2/repository/org/springframework/boot/spring-boot-starter-logging/2.1.16.RELEASE/spring-boot-starter-logging-2.1.16.RELEASE.jar:/Users/creepins/.m2/repository/org/apache/logging/log4j/log4j-to-slf4j/2.11.2/log4j-to-slf4j-2.11.2.jar:/Users/creepins/.m2/repository/org/apache/logging/log4j/log4j-api/2.11.2/log4j-api-2.11.2.jar:/Users/creepins/.m2/repository/org/slf4j/jul-to-slf4j/1.7.30/jul-to-slf4j-1.7.30.jar:/Users/creepins/.m2/repository/javax/annotation/javax.annotation-api/1.3.2/javax.annotation-api-1.3.2.jar:/Users/creepins/.m2/repository/org/yaml/snakeyaml/1.23/snakeyaml-1.23.jar:/Users/creepins/.m2/repository/org/springframework/boot/spring-boot-starter-json/2.1.16.RELEASE/spring-boot-starter-json-2.1.16.RELEASE.jar:/Users/creepins/.m2/repository/com/fasterxml/jackson/datatype/jackson-datatype-jdk8/2.9.10/jackson-datatype-jdk8-2.9.10.jar:/Users/creepins/.m2/repository/com/fasterxml/jackson/datatype/jackson-datatype-jsr310/2.9.10/jackson-datatype-jsr310-2.9.10.jar:/Users/creepins/.m2/repository/com/fasterxml/jackson/module/jackson-module-parameter-names/2.9.10/jackson-module-parameter-names-2.9.10.jar:/Users/creepins/.m2/repository/org/springframework/boot/spring-boot-starter-tomcat/2.1.16.RELEASE/spring-boot-starter-tomcat-2.1.16.RELEASE.jar:/Users/creepins/.m2/repository/org/apache/tomcat/embed/tomcat-embed-core/9.0.37/tomcat-embed-core-9.0.37.jar:/Users/creepins/.m2/repository/org/apache/tomcat/embed/tomcat-embed-el/9.0.37/tomcat-embed-el-9.0.37.jar:/Users/creepins/.m2/repository/org/apache/tomcat/embed/tomcat-embed-websocket/9.0.37/tomcat-embed-websocket-9.0.37.jar:/Users/creepins/.m2/repository/org/hibernate/validator/hibernate-validator/6.0.20.Final/hibernate-validator-6.0.20.Final.jar:/Users/creepins/.m2/repository/org/jboss/logging/jboss-logging/3.3.3.Final/jboss-logging-3.3.3.Final.jar:/Users/creepins/.m2/repository/com/fasterxml/classmate/1.4.0/classmate-1.4.0.jar:/Users/creepins/.m2/repository/org/springframework/spring-web/5.1.17.RELEASE/spring-web-5.1.17.RELEASE.jar:/Users/creepins/.m2/repository/org/springframework/spring-beans/5.1.17.RELEASE/spring-beans-5.1.17.RELEASE.jar:/Users/creepins/.m2/repository/org/springframework/spring-webmvc/5.1.17.RELEASE/spring-webmvc-5.1.17.RELEASE.jar:/Users/creepins/.m2/repository/org/springframework/spring-aop/5.1.17.RELEASE/spring-aop-5.1.17.RELEASE.jar:/Users/creepins/.m2/repository/org/springframework/spring-context/5.1.17.RELEASE/spring-context-5.1.17.RELEASE.jar:/Users/creepins/.m2/repository/org/springframework/spring-expression/5.1.17.RELEASE/spring-expression-5.1.17.RELEASE.jar:/Users/creepins/.m2/repository/org/springframework/boot/spring-boot-starter-data-jpa/2.1.16.RELEASE/spring-boot-starter-data-jpa-2.1.16.RELEASE.jar:/Users/creepins/.m2/repository/org/springframework/boot/spring-boot-starter-aop/2.1.16.RELEASE/spring-boot-starter-aop-2.1.16.RELEASE.jar:/Users/creepins/.m2/repository/org/aspectj/aspectjweaver/1.9.6/aspectjweaver-1.9.6.jar:/Users/creepins/.m2/repository/org/springframework/boot/spring-boot-starter-jdbc/2.1.16.RELEASE/spring-boot-starter-jdbc-2.1.16.RELEASE.jar:/Users/creepins/.m2/repository/com/zaxxer/HikariCP/3.2.0/HikariCP-3.2.0.jar:/Users/creepins/.m2/repository/org/springframework/spring-jdbc/5.1.17.RELEASE/spring-jdbc-5.1.17.RELEASE.jar:/Users/creepins/.m2/repository/javax/transaction/javax.transaction-api/1.3/javax.transaction-api-1.3.jar:/Users/creepins/.m2/repository/javax/xml/bind/jaxb-api/2.3.1/jaxb-api-2.3.1.jar:/Users/creepins/.m2/repository/javax/activation/javax.activation-api/1.2.0/javax.activation-api-1.2.0.jar:/Users/creepins/.m2/repository/org/hibernate/hibernate-core/5.3.17.Final/hibernate-core-5.3.17.Final.jar:/Users/creepins/.m2/repository/javax/persistence/javax.persistence-api/2.2/javax.persistence-api-2.2.jar:/Users/creepins/.m2/repository/org/javassist/javassist/3.23.2-GA/javassist-3.23.2-GA.jar:/Users/creepins/.m2/repository/net/bytebuddy/byte-buddy/1.9.16/byte-buddy-1.9.16.jar:/Users/creepins/.m2/repository/antlr/antlr/2.7.7/antlr-2.7.7.jar:/Users/creepins/.m2/repository/org/jboss/jandex/2.0.5.Final/jandex-2.0.5.Final.jar:/Users/creepins/.m2/repository/org/dom4j/dom4j/2.1.3/dom4j-2.1.3.jar:/Users/creepins/.m2/repository/org/hibernate/common/hibernate-commons-annotations/5.0.4.Final/hibernate-commons-annotations-5.0.4.Final.jar:/Users/creepins/.m2/repository/org/glassfish/jaxb/jaxb-runtime/2.3.1/jaxb-runtime-2.3.1.jar:/Users/creepins/.m2/repository/org/glassfish/jaxb/txw2/2.3.1/txw2-2.3.1.jar:/Users/creepins/.m2/repository/com/sun/istack/istack-commons-runtime/3.0.7/istack-commons-runtime-3.0.7.jar:/Users/creepins/.m2/repository/org/jvnet/staxex/stax-ex/1.8/stax-ex-1.8.jar:/Users/creepins/.m2/repository/com/sun/xml/fastinfoset/FastInfoset/1.2.15/FastInfoset-1.2.15.jar:/Users/creepins/.m2/repository/org/springframework/data/spring-data-jpa/2.1.19.RELEASE/spring-data-jpa-2.1.19.RELEASE.jar:/Users/creepins/.m2/repository/org/springframework/data/spring-data-commons/2.1.19.RELEASE/spring-data-commons-2.1.19.RELEASE.jar:/Users/creepins/.m2/repository/org/springframework/spring-orm/5.1.17.RELEASE/spring-orm-5.1.17.RELEASE.jar:/Users/creepins/.m2/repository/org/springframework/spring-tx/5.1.17.RELEASE/spring-tx-5.1.17.RELEASE.jar:/Users/creepins/.m2/repository/org/springframework/spring-aspects/5.1.17.RELEASE/spring-aspects-5.1.17.RELEASE.jar:/Users/creepins/.m2/repository/org/postgresql/postgresql/42.2.23/postgresql-42.2.23.jar:/Users/creepins/.m2/repository/org/checkerframework/checker-qual/3.5.0/checker-qual-3.5.0.jar:/Users/creepins/.m2/repository/org/liquibase/liquibase-core/4.3.5/liquibase-core-4.3.5.jar:/Users/creepins/.m2/repository/org/springdoc/springdoc-openapi-ui/1.7.0/springdoc-openapi-ui-1.7.0.jar:/Users/creepins/.m2/repository/org/springdoc/springdoc-openapi-webmvc-core/1.7.0/springdoc-openapi-webmvc-core-1.7.0.jar:/Users/creepins/.m2/repository/org/springdoc/springdoc-openapi-common/1.7.0/springdoc-openapi-common-1.7.0.jar:/Users/creepins/.m2/repository/io/swagger/core/v3/swagger-core/2.2.9/swagger-core-2.2.9.jar:/Users/creepins/.m2/repository/jakarta/xml/bind/jakarta.xml.bind-api/2.3.2/jakarta.xml.bind-api-2.3.2.jar:/Users/creepins/.m2/repository/jakarta/activation/jakarta.activation-api/1.2.1/jakarta.activation-api-1.2.1.jar:/Users/creepins/.m2/repository/org/apache/commons/commons-lang3/3.8.1/commons-lang3-3.8.1.jar:/Users/creepins/.m2/repository/com/fasterxml/jackson/dataformat/jackson-dataformat-yaml/2.9.10/jackson-dataformat-yaml-2.9.10.jar:/Users/creepins/.m2/repository/io/swagger/core/v3/swagger-annotations/2.2.9/swagger-annotations-2.2.9.jar:/Users/creepins/.m2/repository/io/swagger/core/v3/swagger-models/2.2.9/swagger-models-2.2.9.jar:/Users/creepins/.m2/repository/jakarta/validation/jakarta.validation-api/2.0.2/jakarta.validation-api-2.0.2.jar:/Users/creepins/.m2/repository/org/webjars/swagger-ui/4.18.2/swagger-ui-4.18.2.jar:/Users/creepins/.m2/repository/org/slf4j/slf4j-api/1.7.36/slf4j-api-1.7.36.jar:/Users/creepins/.m2/repository/ch/qos/logback/logback-classic/1.2.11/logback-classic-1.2.11.jar:/Users/creepins/.m2/repository/ch/qos/logback/logback-core/1.2.3/logback-core-1.2.3.jar:/Users/creepins/.m2/repository/com/github/joschi/jackson/jackson-datatype-threetenbp/2.6.4/jackson-datatype-threetenbp-2.6.4.jar:/Users/creepins/.m2/repository/org/threeten/threetenbp/1.3.1/threetenbp-1.3.1.jar:/Users/creepins/.m2/repository/com/fasterxml/jackson/core/jackson-core/2.9.10/jackson-core-2.9.10.jar:/Users/creepins/.m2/repository/com/fasterxml/jackson/core/jackson-databind/2.9.10.5/jackson-databind-2.9.10.5.jar:/Users/creepins/.m2/repository/com/fasterxml/jackson/core/jackson-annotations/2.9.10/jackson-annotations-2.9.10.jar:/Users/creepins/.m2/repository/org/openapitools/jackson-databind-nullable/0.2.6/jackson-databind-nullable-0.2.6.jar:/Users/creepins/.m2/repository/javax/validation/validation-api/1.1.0.Final/validation-api-1.1.0.Final.jar:/Users/creepins/.m2/repository/org/springframework/boot/spring-boot-starter-test/2.1.16.RELEASE/spring-boot-starter-test-2.1.16.RELEASE.jar:/Users/creepins/.m2/repository/org/springframework/boot/spring-boot-test/2.1.16.RELEASE/spring-boot-test-2.1.16.RELEASE.jar:/Users/creepins/.m2/repository/org/springframework/boot/spring-boot-test-autoconfigure/2.1.16.RELEASE/spring-boot-test-autoconfigure-2.1.16.RELEASE.jar:/Users/creepins/.m2/repository/com/jayway/jsonpath/json-path/2.4.0/json-path-2.4.0.jar:/Users/creepins/.m2/repository/net/minidev/json-smart/2.3/json-smart-2.3.jar:/Users/creepins/.m2/repository/net/minidev/accessors-smart/1.2/accessors-smart-1.2.jar:/Users/creepins/.m2/repository/org/ow2/asm/asm/5.0.4/asm-5.0.4.jar:/Users/creepins/.m2/repository/junit/junit/4.12/junit-4.12.jar:/Users/creepins/.m2/repository/org/assertj/assertj-core/3.11.1/assertj-core-3.11.1.jar:/Users/creepins/.m2/repository/org/mockito/mockito-core/2.23.4/mockito-core-2.23.4.jar:/Users/creepins/.m2/repository/net/bytebuddy/byte-buddy-agent/1.9.16/byte-buddy-agent-1.9.16.jar:/Users/creepins/.m2/repository/org/objenesis/objenesis/2.6/objenesis-2.6.jar:/Users/creepins/.m2/repository/org/hamcrest/hamcrest-core/1.3/hamcrest-core-1.3.jar:/Users/creepins/.m2/repository/org/hamcrest/hamcrest-library/1.3/hamcrest-library-1.3.jar:/Users/creepins/.m2/repository/org/skyscreamer/jsonassert/1.5.0/jsonassert-1.5.0.jar:/Users/creepins/.m2/repository/com/vaadin/external/google/android-json/0.0.20131108.vaadin1/android-json-0.0.20131108.vaadin1.jar:/Users/creepins/.m2/repository/org/springframework/spring-core/5.1.17.RELEASE/spring-core-5.1.17.RELEASE.jar:/Users/creepins/.m2/repository/org/springframework/spring-jcl/5.1.17.RELEASE/spring-jcl-5.1.17.RELEASE.jar:/Users/creepins/.m2/repository/org/springframework/spring-test/5.1.17.RELEASE/spring-test-5.1.17.RELEASE.jar:/Users/creepins/.m2/repository/org/xmlunit/xmlunit-core/2.6.4/xmlunit-core-2.6.4.jar:"/>
    <property name="java.vm.vendor" value="Homebrew"/>
    <property name="sun.arch.data.model" value="64"/>
    <property name="java.vendor.url" value="https://github.com/Homebrew/homebrew-core/issues"/>
    <property name="os.name" value="Mac OS X"/>
    <property name="java.vm.specification.version" value="23"/>
    <property name="sun.java.launcher" value="SUN_STANDARD"/>
    <property name="user.country" value="RU"/>
    <property name="sun.boot.library.path" value="/opt/homebrew/Cellar/openjdk/23.0.2/libexec/openjdk.jdk/Contents/Home/lib"/>
    <property name="sun.java.command" value="/Users/creepins/Projects/6sem/ssw/sswlabs/dz6/target/surefire/surefirebooter15146953650602125626.jar /Users/creepins/Projects/6sem/ssw/sswlabs/dz6/target/surefire 2025-03-25T22-18-47_138-jvmRun1 surefire4824754108915424844tmp surefire_010667768692173707891tmp"/>
    <property name="jdk.debug" value="release"/>
    <property name="surefire.test.class.path" value="/Users/creepins/Projects/6sem/ssw/sswlabs/dz6/target/test-classes:/Users/creepins/Projects/6sem/ssw/sswlabs/dz6/target/classes:/Users/creepins/.m2/repository/org/springframework/boot/spring-boot-starter-web/2.1.16.RELEASE/spring-boot-starter-web-2.1.16.RELEASE.jar:/Users/creepins/.m2/repository/org/springframework/boot/spring-boot-starter/2.1.16.RELEASE/spring-boot-starter-2.1.16.RELEASE.jar:/Users/creepins/.m2/repository/org/springframework/boot/spring-boot/2.1.16.RELEASE/spring-boot-2.1.16.RELEASE.jar:/Users/creepins/.m2/repository/org/springframework/boot/spring-boot-autoconfigure/2.1.16.RELEASE/spring-boot-autoconfigure-2.1.16.RELEASE.jar:/Users/creepins/.m2/repository/org/springframework/boot/spring-boot-starter-logging/2.1.16.RELEASE/spring-boot-starter-logging-2.1.16.RELEASE.jar:/Users/creepins/.m2/repository/org/apache/logging/log4j/log4j-to-slf4j/2.11.2/log4j-to-slf4j-2.11.2.jar:/Users/creepins/.m2/repository/org/apache/logging/log4j/log4j-api/2.11.2/log4j-api-2.11.2.jar:/Users/creepins/.m2/repository/org/slf4j/jul-to-slf4j/1.7.30/jul-to-slf4j-1.7.30.jar:/Users/creepins/.m2/repository/javax/annotation/javax.annotation-api/1.3.2/javax.annotation-api-1.3.2.jar:/Users/creepins/.m2/repository/org/yaml/snakeyaml/1.23/snakeyaml-1.23.jar:/Users/creepins/.m2/repository/org/springframework/boot/spring-boot-starter-json/2.1.16.RELEASE/spring-boot-starter-json-2.1.16.RELEASE.jar:/Users/creepins/.m2/repository/com/fasterxml/jackson/datatype/jackson-datatype-jdk8/2.9.10/jackson-datatype-jdk8-2.9.10.jar:/Users/creepins/.m2/repository/com/fasterxml/jackson/datatype/jackson-datatype-jsr310/2.9.10/jackson-datatype-jsr310-2.9.10.jar:/Users/creepins/.m2/repository/com/fasterxml/jackson/module/jackson-module-parameter-names/2.9.10/jackson-module-parameter-names-2.9.10.jar:/Users/creepins/.m2/repository/org/springframework/boot/spring-boot-starter-tomcat/2.1.16.RELEASE/spring-boot-starter-tomcat-2.1.16.RELEASE.jar:/Users/creepins/.m2/repository/org/apache/tomcat/embed/tomcat-embed-core/9.0.37/tomcat-embed-core-9.0.37.jar:/Users/creepins/.m2/repository/org/apache/tomcat/embed/tomcat-embed-el/9.0.37/tomcat-embed-el-9.0.37.jar:/Users/creepins/.m2/repository/org/apache/tomcat/embed/tomcat-embed-websocket/9.0.37/tomcat-embed-websocket-9.0.37.jar:/Users/creepins/.m2/repository/org/hibernate/validator/hibernate-validator/6.0.20.Final/hibernate-validator-6.0.20.Final.jar:/Users/creepins/.m2/repository/org/jboss/logging/jboss-logging/3.3.3.Final/jboss-logging-3.3.3.Final.jar:/Users/creepins/.m2/repository/com/fasterxml/classmate/1.4.0/classmate-1.4.0.jar:/Users/creepins/.m2/repository/org/springframework/spring-web/5.1.17.RELEASE/spring-web-5.1.17.RELEASE.jar:/Users/creepins/.m2/repository/org/springframework/spring-beans/5.1.17.RELEASE/spring-beans-5.1.17.RELEASE.jar:/Users/creepins/.m2/repository/org/springframework/spring-webmvc/5.1.17.RELEASE/spring-webmvc-5.1.17.RELEASE.jar:/Users/creepins/.m2/repository/org/springframework/spring-aop/5.1.17.RELEASE/spring-aop-5.1.17.RELEASE.jar:/Users/creepins/.m2/repository/org/springframework/spring-context/5.1.17.RELEASE/spring-context-5.1.17.RELEASE.jar:/Users/creepins/.m2/repository/org/springframework/spring-expression/5.1.17.RELEASE/spring-expression-5.1.17.RELEASE.jar:/Users/creepins/.m2/repository/org/springframework/boot/spring-boot-starter-data-jpa/2.1.16.RELEASE/spring-boot-starter-data-jpa-2.1.16.RELEASE.jar:/Users/creepins/.m2/repository/org/springframework/boot/spring-boot-starter-aop/2.1.16.RELEASE/spring-boot-starter-aop-2.1.16.RELEASE.jar:/Users/creepins/.m2/repository/org/aspectj/aspectjweaver/1.9.6/aspectjweaver-1.9.6.jar:/Users/creepins/.m2/repository/org/springframework/boot/spring-boot-starter-jdbc/2.1.16.RELEASE/spring-boot-starter-jdbc-2.1.16.RELEASE.jar:/Users/creepins/.m2/repository/com/zaxxer/HikariCP/3.2.0/HikariCP-3.2.0.jar:/Users/creepins/.m2/repository/org/springframework/spring-jdbc/5.1.17.RELEASE/spring-jdbc-5.1.17.RELEASE.jar:/Users/creepins/.m2/repository/javax/transaction/javax.transaction-api/1.3/javax.transaction-api-1.3.jar:/Users/creepins/.m2/repository/javax/xml/bind/jaxb-api/2.3.1/jaxb-api-2.3.1.jar:/Users/creepins/.m2/repository/javax/activation/javax.activation-api/1.2.0/javax.activation-api-1.2.0.jar:/Users/creepins/.m2/repository/org/hibernate/hibernate-core/5.3.17.Final/hibernate-core-5.3.17.Final.jar:/Users/creepins/.m2/repository/javax/persistence/javax.persistence-api/2.2/javax.persistence-api-2.2.jar:/Users/creepins/.m2/repository/org/javassist/javassist/3.23.2-GA/javassist-3.23.2-GA.jar:/Users/creepins/.m2/repository/net/bytebuddy/byte-buddy/1.9.16/byte-buddy-1.9.16.jar:/Users/creepins/.m2/repository/antlr/antlr/2.7.7/antlr-2.7.7.jar:/Users/creepins/.m2/repository/org/jboss/jandex/2.0.5.Final/jandex-2.0.5.Final.jar:/Users/creepins/.m2/repository/org/dom4j/dom4j/2.1.3/dom4j-2.1.3.jar:/Users/creepins/.m2/repository/org/hibernate/common/hibernate-commons-annotations/5.0.4.Final/hibernate-commons-annotations-5.0.4.Final.jar:/Users/creepins/.m2/repository/org/glassfish/jaxb/jaxb-runtime/2.3.1/jaxb-runtime-2.3.1.jar:/Users/creepins/.m2/repository/org/glassfish/jaxb/txw2/2.3.1/txw2-2.3.1.jar:/Users/creepins/.m2/repository/com/sun/istack/istack-commons-runtime/3.0.7/istack-commons-runtime-3.0.7.jar:/Users/creepins/.m2/repository/org/jvnet/staxex/stax-ex/1.8/stax-ex-1.8.jar:/Users/creepins/.m2/repository/com/sun/xml/fastinfoset/FastInfoset/1.2.15/FastInfoset-1.2.15.jar:/Users/creepins/.m2/repository/org/springframework/data/spring-data-jpa/2.1.19.RELEASE/spring-data-jpa-2.1.19.RELEASE.jar:/Users/creepins/.m2/repository/org/springframework/data/spring-data-commons/2.1.19.RELEASE/spring-data-commons-2.1.19.RELEASE.jar:/Users/creepins/.m2/repository/org/springframework/spring-orm/5.1.17.RELEASE/spring-orm-5.1.17.RELEASE.jar:/Users/creepins/.m2/repository/org/springframework/spring-tx/5.1.17.RELEASE/spring-tx-5.1.17.RELEASE.jar:/Users/creepins/.m2/repository/org/springframework/spring-aspects/5.1.17.RELEASE/spring-aspects-5.1.17.RELEASE.jar:/Users/creepins/.m2/repository/org/postgresql/postgresql/42.2.23/postgresql-42.2.23.jar:/Users/creepins/.m2/repository/org/checkerframework/checker-qual/3.5.0/checker-qual-3.5.0.jar:/Users/creepins/.m2/repository/org/liquibase/liquibase-core/4.3.5/liquibase-core-4.3.5.jar:/Users/creepins/.m2/repository/org/springdoc/springdoc-openapi-ui/1.7.0/springdoc-openapi-ui-1.7.0.jar:/Users/creepins/.m2/repository/org/springdoc/springdoc-openapi-webmvc-core/1.7.0/springdoc-openapi-webmvc-core-1.7.0.jar:/Users/creepins/.m2/repository/org/springdoc/springdoc-openapi-common/1.7.0/springdoc-openapi-common-1.7.0.jar:/Users/creepins/.m2/repository/io/swagger/core/v3/swagger-core/2.2.9/swagger-core-2.2.9.jar:/Users/creepins/.m2/repository/jakarta/xml/bind/jakarta.xml.bind-api/2.3.2/jakarta.xml.bind-api-2.3.2.jar:/Users/creepins/.m2/repository/jakarta/activation/jakarta.activation-api/1.2.1/jakarta.activation-api-1.2.1.jar:/Users/creepins/.m2/repository/org/apache/commons/commons-lang3/3.8.1/commons-lang3-3.8.1.jar:/Users/creepins/.m2/repository/com/fasterxml/jackson/dataformat/jackson-dataformat-yaml/2.9.10/jackson-dataformat-yaml-2.9.10.jar:/Users/creepins/.m2/repository/io/swagger/core/v3/swagger-annotations/2.2.9/swagger-annotations-2.2.9.jar:/Users/creepins/.m2/repository/io/swagger/core/v3/swagger-models/2.2.9/swagger-models-2.2.9.jar:/Users/creepins/.m2/repository/jakarta/validation/jakarta.validation-api/2.0.2/jakarta.validation-api-2.0.2.jar:/Users/creepins/.m2/repository/org/webjars/swagger-ui/4.18.2/swagger-ui-4.18.2.jar:/Users/creepins/.m2/repository/org/slf4j/slf4j-api/1.7.36/slf4j-api-1.7.36.jar:/Users/creepins/.m2/repository/ch/qos/logback/logback-classic/1.2.11/logback-classic-1.2.11.jar:/Users/creepins/.m2/repository/ch/qos/logback/logback-core/1.2.3/logback-core-1.2.3.jar:/Users/creepins/.m2/repository/com/github/joschi/jackson/jackson-datatype-threetenbp/2.6.4/jackson-datatype-threetenbp-2.6.4.jar:/Users/creepins/.m2/repository/org/threeten/threetenbp/1.3.1/threetenbp-1.3.1.jar:/Users/creepins/.m2/repository/com/fasterxml/jackson/core/jackson-core/2.9.10/jackson-core-2.9.10.jar:/Users/creepins/.m2/repository/com/fasterxml/jackson/core/jackson-databind/2.9.10.5/jackson-databind-2.9.10.5.jar:/Users/creepins/.m2/repository/com/fasterxml/jackson/core/jackson-annotations/2.9.10/jackson-annotations-2.9.10.jar:/Users/creepins/.m2/repository/org/openapitools/jackson-databind-nullable/0.2.6/jackson-databind-nullable-0.2.6.jar:/Users/creepins/.m2/repository/javax/validation/validation-api/1.1.0.Final/validation-api-1.1.0.Final.jar:/Users/creepins/.m2/repository/org/springframework/boot/spring-boot-starter-test/2.1.16.RELEASE/spring-boot-starter-test-2.1.16.RELEASE.jar:/Users/creepins/.m2/repository/org/springframework/boot/spring-boot-test/2.1.16.RELEASE/spring-boot-test-2.1.16.RELEASE.jar:/Users/creepins/.m2/repository/org/springframework/boot/spring-boot-test-autoconfigure/2.1.16.RELEASE/spring-boot-test-autoconfigure-2.1.16.RELEASE.jar:/Users/creepins/.m2/repository/com/jayway/jsonpath/json-path/2.4.0/json-path-2.4.0.jar:/Users/creepins/.m2/repository/net/minidev/json-smart/2.3/json-smart-2.3.jar:/Users/creepins/.m2/repository/net/minidev/accessors-smart/1.2/accessors-smart-1.2.jar:/Users/creepins/.m2/repository/org/ow2/asm/asm/5.0.4/asm-5.0.4.jar:/Users/creepins/.m2/repository/junit/junit/4.12/junit-4.12.jar:/Users/creepins/.m2/repository/org/assertj/assertj-core/3.11.1/assertj-core-3.11.1.jar:/Users/creepins/.m2/repository/org/mockito/mockito-core/2.23.4/mockito-core-2.23.4.jar:/Users/creepins/.m2/repository/net/bytebuddy/byte-buddy-agent/1.9.16/byte-buddy-agent-1.9.16.jar:/Users/creepins/.m2/repository/org/objenesis/objenesis/2.6/objenesis-2.6.jar:/Users/creepins/.m2/repository/org/hamcrest/hamcrest-core/1.3/hamcrest-core-1.3.jar:/Users/creepins/.m2/repository/org/hamcrest/hamcrest-library/1.3/hamcrest-library-1.3.jar:/Users/creepins/.m2/repository/org/skyscreamer/jsonassert/1.5.0/jsonassert-1.5.0.jar:/Users/creepins/.m2/repository/com/vaadin/external/google/android-json/0.0.20131108.vaadin1/android-json-0.0.20131108.vaadin1.jar:/Users/creepins/.m2/repository/org/springframework/spring-core/5.1.17.RELEASE/spring-core-5.1.17.RELEASE.jar:/Users/creepins/.m2/repository/org/springframework/spring-jcl/5.1.17.RELEASE/spring-jcl-5.1.17.RELEASE.jar:/Users/creepins/.m2/repository/org/springframework/spring-test/5.1.17.RELEASE/spring-test-5.1.17.RELEASE.jar:/Users/creepins/.m2/repository/org/xmlunit/xmlunit-core/2.6.4/xmlunit-core-2.6.4.jar:"/>
    <property name="sun.cpu.endian" value="little"/>
    <property name="user.home" value="/Users/creepins"/>
    <property name="user.language" value="ru"/>
    <property name="java.specification.vendor" value="Oracle Corporation"/>
    <property name="java.version.date" value="2025-01-21"/>
    <property name="java.home" value="/opt/homebrew/Cellar/openjdk/23.0.2/libexec/openjdk.jdk/Contents/Home"/>
    <property name="file.separator" value="/"/>
    <property name="basedir" value="/Users/creepins/Projects/6sem/ssw/sswlabs/dz6"/>
    <property name="java.vm.compressedOopsMode" value="Zero based"/>
    <property name="line.separator" value="&#10;"/>
    <property name="java.specification.name" value="Java Platform API Specification"/>
    <property name="java.vm.specification.vendor" value="Oracle Corporation"/>
    <property name="apple.awt.application.name" value="ForkedBooter"/>
    <property name="surefire.real.class.path" value="/Users/creepins/Projects/6sem/ssw/sswlabs/dz6/target/surefire/surefirebooter15146953650602125626.jar"/>
    <property name="sun.management.compiler" value="HotSpot 64-Bit Tiered Compilers"/>
    <property name="java.runtime.version" value="23.0.2"/>
    <property name="user.name" value="creepins"/>
    <property name="stdout.encoding" value="UTF-8"/>
    <property name="path.separator" value=":"/>
    <property name="os.version" value="14.5"/>
    <property name="java.runtime.name" value="OpenJDK Runtime Environment"/>
    <property name="file.encoding" value="UTF-8"/>
    <property name="java.vm.name" value="OpenJDK 64-Bit Server VM"/>
    <property name="java.vendor.version" value="Homebrew"/>
    <property name="localRepository" value="/Users/creepins/.m2/repository"/>
    <property name="java.vendor.url.bug" value="https://github.com/Homebrew/homebrew-core/issues"/>
    <property name="java.io.tmpdir" value="/var/folders/hp/_m4_txn11hj85zjdwklgt0qm0000gn/T/"/>
    <property name="java.version" value="23.0.2"/>
    <property name="user.dir" value="/Users/creepins/Projects/6sem/ssw/sswlabs/dz6"/>
    <property name="os.arch" value="aarch64"/>
    <property name="java.vm.specification.name" value="Java Virtual Machine Specification"/>
    <property name="native.encoding" value="UTF-8"/>
    <property name="java.library.path" value="/Users/creepins/Library/Java/Extensions:/Library/Java/Extensions:/Network/Library/Java/Extensions:/System/Library/Java/Extensions:/usr/lib/java:."/>
    <property name="java.vm.info" value="mixed mode, sharing"/>
    <property name="stderr.encoding" value="UTF-8"/>
    <property name="java.vendor" value="Homebrew"/>
    <property name="java.vm.version" value="23.0.2"/>
    <property name="sun.io.unicode.encoding" value="UnicodeBig"/>
    <property name="java.class.version" value="67.0"/>
  </properties>
  <testcase name="testDeleteComment" classname="io.swagger.api.CommentsApiControllerTest" time="0.046"/>
  <testcase name="testGetCommentById" classname="io.swagger.api.CommentsApiControllerTest" time="0.022"/>
  <testcase name="testCreateComment" classname="io.swagger.api.CommentsApiControllerTest" time="0.029"/>
  <testcase name="testUpdateComment" classname="io.swagger.api.CommentsApiControllerTest" time="0.003"/>
</testsuite>